<?xml version="1.0" encoding="UTF-8" ?>
<testsuite tests="11" failures="2" name="SolutionTest" time="0.049" errors="0" skipped="0">
  <properties>
[...]
</properties>
  <testcase classname="SolutionTest" name="test10" time="0.003"/>
  <testcase classname="SolutionTest" name="test11" time="0"/>
  <testcase classname="SolutionTest" name="test1" time="0"/>
  <testcase classname="SolutionTest" name="test2" time="0.001"/>
  <testcase classname="SolutionTest" name="test3" time="0.001"/>
  <testcase classname="SolutionTest" name="test4" time="0.001"/>
  <testcase classname="SolutionTest" name="test5" time="0.021">
    <failure message="expected:&lt;50&gt; but was:&lt;49&gt;" type="java.lang.AssertionError">java.lang.AssertionError: expected:&lt;50&gt; but was:&lt;49&gt;
	at org.junit.Assert.fail(Assert.java:88)
	at org.junit.Assert.failNotEquals(Assert.java:834)
	at org.junit.Assert.assertEquals(Assert.java:645)
	at org.junit.Assert.assertEquals(Assert.java:631)
	at SolutionTest.test5(SolutionTest.java:51)
	at sun.reflect.NativeMethodAccessorImpl.invoke0(Native Method)
	at sun.reflect.NativeMethodAccessorImpl.invoke(NativeMethodAccessorImpl.java:62)
	at sun.reflect.DelegatingMethodAccessorImpl.invoke(DelegatingMethodAccessorImpl.java:43)
	at java.lang.reflect.Method.invoke(Method.java:498)
	at org.junit.runners.model.FrameworkMethod$1.runReflectiveCall(FrameworkMethod.java:50)
	at org.junit.internal.runners.model.ReflectiveCallable.run(ReflectiveCallable.java:12)
	at org.junit.runners.model.FrameworkMethod.invokeExplosively(FrameworkMethod.java:47)
	at org.junit.internal.runners.statements.InvokeMethod.evaluate(InvokeMethod.java:17)
	at org.junit.internal.runners.statements.RunBefores.evaluate(RunBefores.java:26)
	at org.junit.internal.runners.statements.RunAfters.evaluate(RunAfters.java:27)
	at org.junit.runners.ParentRunner.runLeaf(ParentRunner.java:325)
	at org.junit.runners.BlockJUnit4ClassRunner.runChild(BlockJUnit4ClassRunner.java:78)
	at org.junit.runners.BlockJUnit4ClassRunner.runChild(BlockJUnit4ClassRunner.java:57)
	at org.junit.runners.ParentRunner$3.run(ParentRunner.java:290)
	at org.junit.runners.ParentRunner$1.schedule(ParentRunner.java:71)
	at org.junit.runners.ParentRunner.runChildren(ParentRunner.java:288)
	at org.junit.runners.ParentRunner.access$000(ParentRunner.java:58)
	at org.junit.runners.ParentRunner$2.evaluate(ParentRunner.java:268)
	at org.junit.runners.ParentRunner.run(ParentRunner.java:363)
	at org.apache.maven.surefire.junit4.JUnit4Provider.execute(JUnit4Provider.java:252)
	at org.apache.maven.surefire.junit4.JUnit4Provider.executeTestSet(JUnit4Provider.java:141)
	at org.apache.maven.surefire.junit4.JUnit4Provider.invoke(JUnit4Provider.java:112)
	at sun.reflect.NativeMethodAccessorImpl.invoke0(Native Method)
	at sun.reflect.NativeMethodAccessorImpl.invoke(NativeMethodAccessorImpl.java:62)
	at sun.reflect.DelegatingMethodAccessorImpl.invoke(DelegatingMethodAccessorImpl.java:43)
	at java.lang.reflect.Method.invoke(Method.java:498)
	at org.apache.maven.surefire.util.ReflectionUtils.invokeMethodWithArray(ReflectionUtils.java:189)
	at org.apache.maven.surefire.booter.ProviderFactory$ProviderProxy.invoke(ProviderFactory.java:165)
	at org.apache.maven.surefire.booter.ProviderFactory.invokeProvider(ProviderFactory.java:85)
	at org.apache.maven.surefire.booter.ForkedBooter.runSuitesInProcess(ForkedBooter.java:115)
	at org.apache.maven.surefire.booter.ForkedBooter.main(ForkedBooter.java:75)
</failure>
    <system-out>[1, 101, 11001, 1111101, 1001110001, 110000110101, 11110100001001, 10011000100101101, 1011111010111100001, 111011100110101100101, 100101010000001011111001, 10111010010000111011011101, 1110100011010100101001010001, 1001000110000100111001110010101, 101101011110011000100000111101001, 11100011010111111010100100110001101, 10001110000110111100100110111111000001, 1011000110100010101111000010111011000101, 110111100000101101101011001110100111011001, 100010101100011100100011000001001000100111101, 10101101011110001110101111000101101011000110001, 1101100011010111001001101011011100010111011110101, 1, 101, 11001, 1111101, 1001110001, 110000110101, 11110100001001, 10011000100101101, 1011111010111100001, 111011100110101100101, 100101010000001011111001, 10111010010000111011011101, 1110100011010100101001010001, 1001000110000100111001110010101, 101101011110011000100000111101001, 11100011010111111010100100110001101, 10001110000110111100100110111111000001, 1011000110100010101111000010111011000101, 110111100000101101101011001110100111011001, 100010101100011100100011000001001000100111101, 10101101011110001110101111000101101011000110001, 1101100011010111001001101011011100010111011110101, 1, 101, 11001, 1111101, 1001110001, 110000110101, 11110100001001, 10011000100101101, 1011111010111100001, 111011100110101100101, 100101010000001011111001, 10111010010000111011011101, 1110100011010100101001010001, 1001000110000100111001110010101, 101101011110011000100000111101001, 11100011010111111010100100110001101, 10001110000110111100100110111111000001, 1011000110100010101111000010111011000101, 110111100000101101101011001110100111011001, 100010101100011100100011000001001000100111101, 10101101011110001110101111000101101011000110001, 1101100011010111001001101011011100010111011110101, 1, 101, 11001, 1111101, 1001110001, 110000110101, 11110100001001, 10011000100101101, 1011111010111100001, 111011100110101100101, 100101010000001011111001, 10111010010000111011011101, 1110100011010100101001010001, 1001000110000100111001110010101, 101101011110011000100000111101001, 11100011010111111010100100110001101, 10001110000110111100100110111111000001, 1011000110100010101111000010111011000101, 110111100000101101101011001110100111011001, 100010101100011100100011000001001000100111101, 10101101011110001110101111000101101011000110001, 1101100011010111001001101011011100010111011110101, 1, 101, 11001, 1111101, 1001110001, 110000110101, 11110100001001, 10011000100101101, 1011111010111100001, 111011100110101100101, 100101010000001011111001, 10111010010000111011011101, 1110100011010100101001010001, 1001000110000100111001110010101, 101101011110011000100000111101001, 11100011010111111010100100110001101, 10001110000110111100100110111111000001, 1011000110100010101111000010111011000101, 110111100000101101101011001110100111011001, 100010101100011100100011000001001000100111101, 10101101011110001110101111000101101011000110001, 1101100011010111001001101011011100010111011110101, 1, 101, 11001, 1111101, 1001110001, 110000110101, 11110100001001, 10011000100101101, 1011111010111100001, 111011100110101100101, 100101010000001011111001, 10111010010000111011011101, 1110100011010100101001010001, 1001000110000100111001110010101, 101101011110011000100000111101001, 11100011010111111010100100110001101, 10001110000110111100100110111111000001, 1011000110100010101111000010111011000101, 110111100000101101101011001110100111011001, 100010101100011100100011000001001000100111101, 10101101011110001110101111000101101011000110001, 1101100011010111001001101011011100010111011110101, 1, 101, 11001, 1111101, 1001110001, 110000110101, 11110100001001, 10011000100101101, 1011111010111100001, 111011100110101100101, 100101010000001011111001, 10111010010000111011011101, 1110100011010100101001010001, 1001000110000100111001110010101, 101101011110011000100000111101001, 11100011010111111010100100110001101, 10001110000110111100100110111111000001, 1011000110100010101111000010111011000101, 110111100000101101101011001110100111011001, 100010101100011100100011000001001000100111101, 10101101011110001110101111000101101011000110001, 1101100011010111001001101011011100010111011110101]
</system-out>
  </testcase>
  <testcase classname="SolutionTest" name="test6" time="0.002">
    <failure message="expected:&lt;-1&gt; but was:&lt;0&gt;" type="java.lang.AssertionError">java.lang.AssertionError: expected:&lt;-1&gt; but was:&lt;0&gt;
	at org.junit.Assert.fail(Assert.java:88)
	at org.junit.Assert.failNotEquals(Assert.java:834)
	at org.junit.Assert.assertEquals(Assert.java:645)
	at org.junit.Assert.assertEquals(Assert.java:631)
	at SolutionTest.test6(SolutionTest.java:57)
	at sun.reflect.NativeMethodAccessorImpl.invoke0(Native Method)
	at sun.reflect.NativeMethodAccessorImpl.invoke(NativeMethodAccessorImpl.java:62)
	at sun.reflect.DelegatingMethodAccessorImpl.invoke(DelegatingMethodAccessorImpl.java:43)
	at java.lang.reflect.Method.invoke(Method.java:498)
	at org.junit.runners.model.FrameworkMethod$1.runReflectiveCall(FrameworkMethod.java:50)
	at org.junit.internal.runners.model.ReflectiveCallable.run(ReflectiveCallable.java:12)
	at org.junit.runners.model.FrameworkMethod.invokeExplosively(FrameworkMethod.java:47)
	at org.junit.internal.runners.statements.InvokeMethod.evaluate(InvokeMethod.java:17)
	at org.junit.internal.runners.statements.RunBefores.evaluate(RunBefores.java:26)
	at org.junit.internal.runners.statements.RunAfters.evaluate(RunAfters.java:27)
	at org.junit.runners.ParentRunner.runLeaf(ParentRunner.java:325)
	at org.junit.runners.BlockJUnit4ClassRunner.runChild(BlockJUnit4ClassRunner.java:78)
	at org.junit.runners.BlockJUnit4ClassRunner.runChild(BlockJUnit4ClassRunner.java:57)
	at org.junit.runners.ParentRunner$3.run(ParentRunner.java:290)
	at org.junit.runners.ParentRunner$1.schedule(ParentRunner.java:71)
	at org.junit.runners.ParentRunner.runChildren(ParentRunner.java:288)
	at org.junit.runners.ParentRunner.access$000(ParentRunner.java:58)
	at org.junit.runners.ParentRunner$2.evaluate(ParentRunner.java:268)
	at org.junit.runners.ParentRunner.run(ParentRunner.java:363)
	at org.apache.maven.surefire.junit4.JUnit4Provider.execute(JUnit4Provider.java:252)
	at org.apache.maven.surefire.junit4.JUnit4Provider.executeTestSet(JUnit4Provider.java:141)
	at org.apache.maven.surefire.junit4.JUnit4Provider.invoke(JUnit4Provider.java:112)
	at sun.reflect.NativeMethodAccessorImpl.invoke0(Native Method)
	at sun.reflect.NativeMethodAccessorImpl.invoke(NativeMethodAccessorImpl.java:62)
	at sun.reflect.DelegatingMethodAccessorImpl.invoke(DelegatingMethodAccessorImpl.java:43)
	at java.lang.reflect.Method.invoke(Method.java:498)
	at org.apache.maven.surefire.util.ReflectionUtils.invokeMethodWithArray(ReflectionUtils.java:189)
	at org.apache.maven.surefire.booter.ProviderFactory$ProviderProxy.invoke(ProviderFactory.java:165)
	at org.apache.maven.surefire.booter.ProviderFactory.invokeProvider(ProviderFactory.java:85)
	at org.apache.maven.surefire.booter.ForkedBooter.runSuitesInProcess(ForkedBooter.java:115)
	at org.apache.maven.surefire.booter.ForkedBooter.main(ForkedBooter.java:75)
</failure>
    <system-out>[1, 101, 11001, 1111101, 1001110001, 110000110101, 11110100001001, 10011000100101101, 1011111010111100001, 111011100110101100101, 100101010000001011111001, 10111010010000111011011101, 1110100011010100101001010001, 1001000110000100111001110010101, 101101011110011000100000111101001, 11100011010111111010100100110001101, 10001110000110111100100110111111000001, 1011000110100010101111000010111011000101, 110111100000101101101011001110100111011001, 100010101100011100100011000001001000100111101, 10101101011110001110101111000101101011000110001, 1101100011010111001001101011011100010111011110101, 1, 101, 11001, 1111101, 1001110001, 110000110101, 11110100001001, 10011000100101101, 1011111010111100001, 111011100110101100101, 100101010000001011111001, 10111010010000111011011101, 1110100011010100101001010001, 1001000110000100111001110010101, 101101011110011000100000111101001, 11100011010111111010100100110001101, 10001110000110111100100110111111000001, 1011000110100010101111000010111011000101, 110111100000101101101011001110100111011001, 100010101100011100100011000001001000100111101, 10101101011110001110101111000101101011000110001, 1101100011010111001001101011011100010111011110101, 1, 101, 11001, 1111101, 1001110001, 110000110101, 11110100001001, 10011000100101101, 1011111010111100001, 111011100110101100101, 100101010000001011111001, 10111010010000111011011101, 1110100011010100101001010001, 1001000110000100111001110010101, 101101011110011000100000111101001, 11100011010111111010100100110001101, 10001110000110111100100110111111000001, 1011000110100010101111000010111011000101, 110111100000101101101011001110100111011001, 100010101100011100100011000001001000100111101, 10101101011110001110101111000101101011000110001, 1101100011010111001001101011011100010111011110101, 1, 101, 11001, 1111101, 1001110001, 110000110101, 11110100001001, 10011000100101101, 1011111010111100001, 111011100110101100101, 100101010000001011111001, 10111010010000111011011101, 1110100011010100101001010001, 1001000110000100111001110010101, 101101011110011000100000111101001, 11100011010111111010100100110001101, 10001110000110111100100110111111000001, 1011000110100010101111000010111011000101, 110111100000101101101011001110100111011001, 100010101100011100100011000001001000100111101, 10101101011110001110101111000101101011000110001, 1101100011010111001001101011011100010111011110101, 1, 101, 11001, 1111101, 1001110001, 110000110101, 11110100001001, 10011000100101101, 1011111010111100001, 111011100110101100101, 100101010000001011111001, 10111010010000111011011101, 1110100011010100101001010001, 1001000110000100111001110010101, 101101011110011000100000111101001, 11100011010111111010100100110001101, 10001110000110111100100110111111000001, 1011000110100010101111000010111011000101, 110111100000101101101011001110100111011001, 100010101100011100100011000001001000100111101, 10101101011110001110101111000101101011000110001, 1101100011010111001001101011011100010111011110101, 1, 101, 11001, 1111101, 1001110001, 110000110101, 11110100001001, 10011000100101101, 1011111010111100001, 111011100110101100101, 100101010000001011111001, 10111010010000111011011101, 1110100011010100101001010001, 1001000110000100111001110010101, 101101011110011000100000111101001, 11100011010111111010100100110001101, 10001110000110111100100110111111000001, 1011000110100010101111000010111011000101, 110111100000101101101011001110100111011001, 100010101100011100100011000001001000100111101, 10101101011110001110101111000101101011000110001, 1101100011010111001001101011011100010111011110101, 1, 101, 11001, 1111101, 1001110001, 110000110101, 11110100001001, 10011000100101101, 1011111010111100001, 111011100110101100101, 100101010000001011111001, 10111010010000111011011101, 1110100011010100101001010001, 1001000110000100111001110010101, 101101011110011000100000111101001, 11100011010111111010100100110001101, 10001110000110111100100110111111000001, 1011000110100010101111000010111011000101, 110111100000101101101011001110100111011001, 100010101100011100100011000001001000100111101, 10101101011110001110101111000101101011000110001, 1101100011010111001001101011011100010111011110101, 1, 101, 11001, 1111101, 1001110001, 110000110101, 11110100001001, 10011000100101101, 1011111010111100001, 111011100110101100101, 100101010000001011111001, 10111010010000111011011101, 1110100011010100101001010001, 1001000110000100111001110010101, 101101011110011000100000111101001, 11100011010111111010100100110001101, 10001110000110111100100110111111000001, 1011000110100010101111000010111011000101, 110111100000101101101011001110100111011001, 100010101100011100100011000001001000100111101, 10101101011110001110101111000101101011000110001, 1101100011010111001001101011011100010111011110101]
</system-out>
  </testcase>
  <testcase classname="SolutionTest" name="test7" time="0.017"/>
  <testcase classname="SolutionTest" name="test8" time="0.002"/>
  <testcase classname="SolutionTest" name="test9" time="0.001"/>
</testsuite>